Project migration to XML Schema (XSD) version 111 is completed.
Project migration to XML Schema (XSD) version 112 is completed.
Project migration to XML Schema (XSD) version 113 is completed.
Project migration to XML Schema (XSD) version 114 is completed.
Project migration to XML Schema (XSD) version 115 is completed.
Project migration to XML Schema (XSD) version 116 is completed.
Project migration to XML Schema (XSD) version 117 is completed.
Project migration to XML Schema (XSD) version 118 is completed.
Project migration to XML Schema (XSD) version 119 is completed.
The Plug-in 'Wwise Convolution Reverb' was not found for '\Effects\BOOM Library IR - F&S - Stereo\BOOM Library IR - F&S\Stereo\Alley Long\Alley_Long_Flutter_45m_Stereo_01'. Edition and playback won't be available for this object.
'\Effects\BOOM Library IR - F&S - Stereo\BOOM Library IR - F&S\Stereo\Alley Long\Alley_Long_Flutter_45m_Stereo_01' uses the audio effect plugin 'Wwise Convolution Reverb', which is not installed.
The Plug-in 'Wwise Convolution Reverb' was not found for '\Effects\BOOM Library IR - F&S - Stereo\BOOM Library IR - F&S\Stereo\Alley Long\Alley_Long_Slapping_0m_Stereo_01'. Edition and playback won't be available for this object.
'\Effects\BOOM Library IR - F&S - Stereo\BOOM Library IR - F&S\Stereo\Alley Long\Alley_Long_Slapping_0m_Stereo_01' uses the audio effect plugin 'Wwise Convolution Reverb', which is not installed.
The Plug-in 'Wwise Convolution Reverb' was not found for '\Effects\BOOM Library IR - F&S - Stereo\BOOM Library IR - F&S\Stereo\Alley Long\Alley_Long_Smooth_0m_Stereo_01'. Edition and playback won't be available for this object.
'\Effects\BOOM Library IR - F&S - Stereo\BOOM Library IR - F&S\Stereo\Alley Long\Alley_Long_Smooth_0m_Stereo_01' uses the audio effect plugin 'Wwise Convolution Reverb', which is not installed.
The Plug-in 'Wwise Convolution Reverb' was not found for '\Effects\BOOM Library IR - F&S - Stereo\BOOM Library IR - F&S\Stereo\Alley Long\Alley_Long_Smooth_70m_Stereo_01'. Edition and playback won't be available for this object.
'\Effects\BOOM Library IR - F&S - Stereo\BOOM Library IR - F&S\Stereo\Alley Long\Alley_Long_Smooth_70m_Stereo_01' uses the audio effect plugin 'Wwise Convolution Reverb', which is not installed.
The Plug-in 'Wwise Convolution Reverb' was not found for '\Effects\BOOM Library IR - F&S - Stereo\BOOM Library IR - F&S\Stereo\Alley Long\Alley_Long_Smooth_120m_Stereo_01'. Edition and playback won't be available for this object.
'\Effects\BOOM Library IR - F&S - Stereo\BOOM Library IR - F&S\Stereo\Alley Long\Alley_Long_Smooth_120m_Stereo_01' uses the audio effect plugin 'Wwise Convolution Reverb', which is not installed.
The Plug-in 'Wwise Convolution Reverb' was not found for '\Effects\BOOM Library IR - F&S - Stereo\BOOM Library IR - F&S\Stereo\Alley Narrow\Alley_Narrow_Slapping_4m_Stereo_01'. Edition and playback won't be available for this object.
'\Effects\BOOM Library IR - F&S - Stereo\BOOM Library IR - F&S\Stereo\Alley Narrow\Alley_Narrow_Slapping_4m_Stereo_01' uses the audio effect plugin 'Wwise Convolution Reverb', which is not installed.
The Plug-in 'Wwise Convolution Reverb' was not found for '\Effects\BOOM Library IR - F&S - Stereo\BOOM Library IR - F&S\Stereo\Alley Narrow\Alley_Narrow_Slapping_20m_Stereo_01'. Edition and playback won't be available for this object.
'\Effects\BOOM Library IR - F&S - Stereo\BOOM Library IR - F&S\Stereo\Alley Narrow\Alley_Narrow_Slapping_20m_Stereo_01' uses the audio effect plugin 'Wwise Convolution Reverb', which is not installed.
The Plug-in 'Wwise Convolution Reverb' was not found for '\Effects\BOOM Library IR - F&S - Stereo\BOOM Library IR - F&S\Stereo\Alley Very Narrow\Alley_Very_Narrow_Short_0m_Stereo_01'. Edition and playback won't be available for this object.
'\Effects\BOOM Library IR - F&S - Stereo\BOOM Library IR - F&S\Stereo\Alley Very Narrow\Alley_Very_Narrow_Short_0m_Stereo_01' uses the audio effect plugin 'Wwise Convolution Reverb', which is not installed.
The Plug-in 'Wwise Convolution Reverb' was not found for '\Effects\BOOM Library IR - F&S - Stereo\BOOM Library IR - F&S\Stereo\Alley Very Narrow\Alley_Very_Narrow_Short_30m_Stereo_01'. Edition and playback won't be available for this object.
'\Effects\BOOM Library IR - F&S - Stereo\BOOM Library IR - F&S\Stereo\Alley Very Narrow\Alley_Very_Narrow_Short_30m_Stereo_01' uses the audio effect plugin 'Wwise Convolution Reverb', which is not installed.
The Plug-in 'Wwise Convolution Reverb' was not found for '\Effects\BOOM Library IR - F&S - Stereo\BOOM Library IR - F&S\Stereo\Bridge Suburban\Bridge_Suburban_Short_3m_Stereo_01'. Edition and playback won't be available for this object.
'\Effects\BOOM Library IR - F&S - Stereo\BOOM Library IR - F&S\Stereo\Bridge Suburban\Bridge_Suburban_Short_3m_Stereo_01' uses the audio effect plugin 'Wwise Convolution Reverb', which is not installed.
The Plug-in 'Wwise Convolution Reverb' was not found for '\Effects\BOOM Library IR - F&S - Stereo\BOOM Library IR - F&S\Stereo\Bridge Suburban\Bridge_Suburban_Underneath_Boomy_4m_Stereo_01'. Edition and playback won't be available for this object.
'\Effects\BOOM Library IR - F&S - Stereo\BOOM Library IR - F&S\Stereo\Bridge Suburban\Bridge_Suburban_Underneath_Boomy_4m_Stereo_01' uses the audio effect plugin 'Wwise Convolution Reverb', which is not installed.
The Plug-in 'Wwise Convolution Reverb' was not found for '\Effects\BOOM Library IR - F&S - Stereo\BOOM Library IR - F&S\Stereo\Canyon Big\Canyon_Big_Echoing_Echo_0m_Stereo_01'. Edition and playback won't be available for this object.
'\Effects\BOOM Library IR - F&S - Stereo\BOOM Library IR - F&S\Stereo\Canyon Big\Canyon_Big_Echoing_Echo_0m_Stereo_01' uses the audio effect plugin 'Wwise Convolution Reverb', which is not installed.
The Plug-in 'Wwise Convolution Reverb' was not found for '\Effects\BOOM Library IR - F&S - Stereo\BOOM Library IR - F&S\Stereo\Canyon Big\Canyon_Big_Echoing_Echo_170m_Stereo_01'. Edition and playback won't be available for this object.
'\Effects\BOOM Library IR - F&S - Stereo\BOOM Library IR - F&S\Stereo\Canyon Big\Canyon_Big_Echoing_Echo_170m_Stereo_01' uses the audio effect plugin 'Wwise Convolution Reverb', which is not installed.
The Plug-in 'Wwise Convolution Reverb' was not found for '\Effects\BOOM Library IR - F&S - Stereo\BOOM Library IR - F&S\Stereo\Canyon Medium\Canyon_Medium_Echoing_Echo_0m_Stereo_01'. Edition and playback won't be available for this object.
'\Effects\BOOM Library IR - F&S - Stereo\BOOM Library IR - F&S\Stereo\Canyon Medium\Canyon_Medium_Echoing_Echo_0m_Stereo_01' uses the audio effect plugin 'Wwise Convolution Reverb', which is not installed.
The Plug-in 'Wwise Convolution Reverb' was not found for '\Effects\BOOM Library IR - F&S - Stereo\BOOM Library IR - F&S\Stereo\Canyon Medium\Canyon_Medium_Echoing_Echo_40m_Stereo_01'. Edition and playback won't be available for this object.
'\Effects\BOOM Library IR - F&S - Stereo\BOOM Library IR - F&S\Stereo\Canyon Medium\Canyon_Medium_Echoing_Echo_40m_Stereo_01' uses the audio effect plugin 'Wwise Convolution Reverb', which is not installed.
The Plug-in 'Wwise Convolution Reverb' was not found for '\Effects\BOOM Library IR - F&S - Stereo\BOOM Library IR - F&S\Stereo\Canyon Medium\Canyon_Medium_Echoing_Echo_70m_Stereo_01'. Edition and playback won't be available for this object.
'\Effects\BOOM Library IR - F&S - Stereo\BOOM Library IR - F&S\Stereo\Canyon Medium\Canyon_Medium_Echoing_Echo_70m_Stereo_01' uses the audio effect plugin 'Wwise Convolution Reverb', which is not installed.
The Plug-in 'Wwise Convolution Reverb' was not found for '\Effects\BOOM Library IR - F&S - Stereo\BOOM Library IR - F&S\Stereo\Canyon Medium\Canyon_Medium_Echoing_Soft_30m_Stereo_01'. Edition and playback won't be available for this object.
'\Effects\BOOM Library IR - F&S - Stereo\BOOM Library IR - F&S\Stereo\Canyon Medium\Canyon_Medium_Echoing_Soft_30m_Stereo_01' uses the audio effect plugin 'Wwise Convolution Reverb', which is not installed.
The Plug-in 'Wwise Convolution Reverb' was not found for '\Effects\BOOM Library IR - F&S - Stereo\BOOM Library IR - F&S\Stereo\Canyon Small\Canyon_Small_Echoing_Echo_0m_Stereo_01'. Edition and playback won't be available for this object.
'\Effects\BOOM Library IR - F&S - Stereo\BOOM Library IR - F&S\Stereo\Canyon Small\Canyon_Small_Echoing_Echo_0m_Stereo_01' uses the audio effect plugin 'Wwise Convolution Reverb', which is not installed.
The Plug-in 'Wwise Convolution Reverb' was not found for '\Effects\BOOM Library IR - F&S - Stereo\BOOM Library IR - F&S\Stereo\Canyon Small\Canyon_Small_Echoing_Echo_20m_Stereo_01'. Edition and playback won't be available for this object.
'\Effects\BOOM Library IR - F&S - Stereo\BOOM Library IR - F&S\Stereo\Canyon Small\Canyon_Small_Echoing_Echo_20m_Stereo_01' uses the audio effect plugin 'Wwise Convolution Reverb', which is not installed.
The Plug-in 'Wwise Convolution Reverb' was not found for '\Effects\BOOM Library IR - F&S - Stereo\BOOM Library IR - F&S\Stereo\City Crossing\City_Crossing_Echoing_0m_Stereo_01'. Edition and playback won't be available for this object.
'\Effects\BOOM Library IR - F&S - Stereo\BOOM Library IR - F&S\Stereo\City Crossing\City_Crossing_Echoing_0m_Stereo_01' uses the audio effect plugin 'Wwise Convolution Reverb', which is not installed.
The Plug-in 'Wwise Convolution Reverb' was not found for '\Effects\BOOM Library IR - F&S - Stereo\BOOM Library IR - F&S\Stereo\City Square\City_Square_Echoing_0m_Stereo_01'. Edition and playback won't be available for this object.
'\Effects\BOOM Library IR - F&S - Stereo\BOOM Library IR - F&S\Stereo\City Square\City_Square_Echoing_0m_Stereo_01' uses the audio effect plugin 'Wwise Convolution Reverb', which is not installed.
The Plug-in 'Wwise Convolution Reverb' was not found for '\Effects\BOOM Library IR - F&S - Stereo\BOOM Library IR - F&S\Stereo\City Square\City_Square_Echoing_7m_Stereo_01'. Edition and playback won't be available for this object.
'\Effects\BOOM Library IR - F&S - Stereo\BOOM Library IR - F&S\Stereo\City Square\City_Square_Echoing_7m_Stereo_01' uses the audio effect plugin 'Wwise Convolution Reverb', which is not installed.
The Plug-in 'Wwise Convolution Reverb' was not found for '\Effects\BOOM Library IR - F&S - Stereo\BOOM Library IR - F&S\Stereo\City Square\City_Square_Echoing_30m_Stereo_01'. Edition and playback won't be available for this object.
'\Effects\BOOM Library IR - F&S - Stereo\BOOM Library IR - F&S\Stereo\City Square\City_Square_Echoing_30m_Stereo_01' uses the audio effect plugin 'Wwise Convolution Reverb', which is not installed.
The Plug-in 'Wwise Convolution Reverb' was not found for '\Effects\BOOM Library IR - F&S - Stereo\BOOM Library IR - F&S\Stereo\City Square\City_Square_Long_17m_Stereo_01'. Edition and playback won't be available for this object.
'\Effects\BOOM Library IR - F&S - Stereo\BOOM Library IR - F&S\Stereo\City Square\City_Square_Long_17m_Stereo_01' uses the audio effect plugin 'Wwise Convolution Reverb', which is not installed.
The Plug-in 'Wwise Convolution Reverb' was not found for '\Effects\BOOM Library IR - F&S - Stereo\BOOM Library IR - F&S\Stereo\City Street\City_Street_Rolling_50m_Stereo_01'. Edition and playback won't be available for this object.
'\Effects\BOOM Library IR - F&S - Stereo\BOOM Library IR - F&S\Stereo\City Street\City_Street_Rolling_50m_Stereo_01' uses the audio effect plugin 'Wwise Convolution Reverb', which is not installed.
The Plug-in 'Wwise Convolution Reverb' was not found for '\Effects\BOOM Library IR - F&S - Stereo\BOOM Library IR - F&S\Stereo\Container Port\Container_Port_0m_Stereo_01'. Edition and playback won't be available for this object.
'\Effects\BOOM Library IR - F&S - Stereo\BOOM Library IR - F&S\Stereo\Container Port\Container_Port_0m_Stereo_01' uses the audio effect plugin 'Wwise Convolution Reverb', which is not installed.
The Plug-in 'Wwise Convolution Reverb' was not found for '\Effects\BOOM Library IR - F&S - Stereo\BOOM Library IR - F&S\Stereo\Container Port\Container_Port_35m_Stereo_01'. Edition and playback won't be available for this object.
'\Effects\BOOM Library IR - F&S - Stereo\BOOM Library IR - F&S\Stereo\Container Port\Container_Port_35m_Stereo_01' uses the audio effect plugin 'Wwise Convolution Reverb', which is not installed.
The Plug-in 'Wwise Convolution Reverb' was not found for '\Effects\BOOM Library IR - F&S - Stereo\BOOM Library IR - F&S\Stereo\Courtyard Old\Courtyard_Old_Big_Echoing_5m_Stereo_01'. Edition and playback won't be available for this object.
'\Effects\BOOM Library IR - F&S - Stereo\BOOM Library IR - F&S\Stereo\Courtyard Old\Courtyard_Old_Big_Echoing_5m_Stereo_01' uses the audio effect plugin 'Wwise Convolution Reverb', which is not installed.
The Plug-in 'Wwise Convolution Reverb' was not found for '\Effects\BOOM Library IR - F&S - Stereo\BOOM Library IR - F&S\Stereo\Courtyard Old\Courtyard_Old_Big_Echoing_15m_Stereo_01'. Edition and playback won't be available for this object.
'\Effects\BOOM Library IR - F&S - Stereo\BOOM Library IR - F&S\Stereo\Courtyard Old\Courtyard_Old_Big_Echoing_15m_Stereo_01' uses the audio effect plugin 'Wwise Convolution Reverb', which is not installed.
The Plug-in 'Wwise Convolution Reverb' was not found for '\Effects\BOOM Library IR - F&S - Stereo\BOOM Library IR - F&S\Stereo\Courtyard Old\Courtyard_Old_Small_Short_0m_Stereo_01'. Edition and playback won't be available for this object.
'\Effects\BOOM Library IR - F&S - Stereo\BOOM Library IR - F&S\Stereo\Courtyard Old\Courtyard_Old_Small_Short_0m_Stereo_01' uses the audio effect plugin 'Wwise Convolution Reverb', which is not installed.
The Plug-in 'Wwise Convolution Reverb' was not found for '\Effects\BOOM Library IR - F&S - Stereo\BOOM Library IR - F&S\Stereo\Courtyard Old\Courtyard_Old_Small_Short_10m_Stereo_01'. Edition and playback won't be available for this object.
'\Effects\BOOM Library IR - F&S - Stereo\BOOM Library IR - F&S\Stereo\Courtyard Old\Courtyard_Old_Small_Short_10m_Stereo_01' uses the audio effect plugin 'Wwise Convolution Reverb', which is not installed.
The Plug-in 'Wwise Convolution Reverb' was not found for '\Effects\BOOM Library IR - F&S - Stereo\BOOM Library IR - F&S\Stereo\Dam Mountains\Dam_Mountains_Staggered_Echo_0m_Stereo_01'. Edition and playback won't be available for this object.
'\Effects\BOOM Library IR - F&S - Stereo\BOOM Library IR - F&S\Stereo\Dam Mountains\Dam_Mountains_Staggered_Echo_0m_Stereo_01' uses the audio effect plugin 'Wwise Convolution Reverb', which is not installed.
The Plug-in 'Wwise Convolution Reverb' was not found for '\Effects\BOOM Library IR - F&S - Stereo\BOOM Library IR - F&S\Stereo\Dam Mountains\Dam_Mountains_Staggered_Echo_4m_Stereo_01'. Edition and playback won't be available for this object.
'\Effects\BOOM Library IR - F&S - Stereo\BOOM Library IR - F&S\Stereo\Dam Mountains\Dam_Mountains_Staggered_Echo_4m_Stereo_01' uses the audio effect plugin 'Wwise Convolution Reverb', which is not installed.
The Plug-in 'Wwise Convolution Reverb' was not found for '\Effects\BOOM Library IR - F&S - Stereo\BOOM Library IR - F&S\Stereo\Dam Mountains\Dam_Mountains_Striking_Echo_4m_Stereo_01'. Edition and playback won't be available for this object.
'\Effects\BOOM Library IR - F&S - Stereo\BOOM Library IR - F&S\Stereo\Dam Mountains\Dam_Mountains_Striking_Echo_4m_Stereo_01' uses the audio effect plugin 'Wwise Convolution Reverb', which is not installed.
The Plug-in 'Wwise Convolution Reverb' was not found for '\Effects\BOOM Library IR - F&S - Stereo\BOOM Library IR - F&S\Stereo\Desert Village\Desert_Village_0m_Stereo_01'. Edition and playback won't be available for this object.
'\Effects\BOOM Library IR - F&S - Stereo\BOOM Library IR - F&S\Stereo\Desert Village\Desert_Village_0m_Stereo_01' uses the audio effect plugin 'Wwise Convolution Reverb', which is not installed.
The Plug-in 'Wwise Convolution Reverb' was not found for '\Effects\BOOM Library IR - F&S - Stereo\BOOM Library IR - F&S\Stereo\Desert Village\Desert_Village_10m_Stereo_01'. Edition and playback won't be available for this object.
'\Effects\BOOM Library IR - F&S - Stereo\BOOM Library IR - F&S\Stereo\Desert Village\Desert_Village_10m_Stereo_01' uses the audio effect plugin 'Wwise Convolution Reverb', which is not installed.
The Plug-in 'Wwise Convolution Reverb' was not found for '\Effects\BOOM Library IR - F&S - Stereo\BOOM Library IR - F&S\Stereo\Forest Deciduous\Forest_Deciduous_Long_50m_Stereo_01'. Edition and playback won't be available for this object.
'\Effects\BOOM Library IR - F&S - Stereo\BOOM Library IR - F&S\Stereo\Forest Deciduous\Forest_Deciduous_Long_50m_Stereo_01' uses the audio effect plugin 'Wwise Convolution Reverb', which is not installed.
The Plug-in 'Wwise Convolution Reverb' was not found for '\Effects\BOOM Library IR - F&S - Stereo\BOOM Library IR - F&S\Stereo\Forest Deciduous\Forest_Deciduous_Road_Long_20m_Stereo_01'. Edition and playback won't be available for this object.
'\Effects\BOOM Library IR - F&S - Stereo\BOOM Library IR - F&S\Stereo\Forest Deciduous\Forest_Deciduous_Road_Long_20m_Stereo_01' uses the audio effect plugin 'Wwise Convolution Reverb', which is not installed.
The Plug-in 'Wwise Convolution Reverb' was not found for '\Effects\BOOM Library IR - F&S - Stereo\BOOM Library IR - F&S\Stereo\Forest Deciduous\Forest_Deciduous_Road_Short_0m_Stereo_01'. Edition and playback won't be available for this object.
'\Effects\BOOM Library IR - F&S - Stereo\BOOM Library IR - F&S\Stereo\Forest Deciduous\Forest_Deciduous_Road_Short_0m_Stereo_01' uses the audio effect plugin 'Wwise Convolution Reverb', which is not installed.
The Plug-in 'Wwise Convolution Reverb' was not found for '\Effects\BOOM Library IR - F&S - Stereo\BOOM Library IR - F&S\Stereo\Forest Deciduous\Forest_Deciduous_Road_Winter_Short_0m_Stereo_01'. Edition and playback won't be available for this object.
'\Effects\BOOM Library IR - F&S - Stereo\BOOM Library IR - F&S\Stereo\Forest Deciduous\Forest_Deciduous_Road_Winter_Short_0m_Stereo_01' uses the audio effect plugin 'Wwise Convolution Reverb', which is not installed.
The Plug-in 'Wwise Convolution Reverb' was not found for '\Effects\BOOM Library IR - F&S - Stereo\BOOM Library IR - F&S\Stereo\Forest Deciduous\Forest_Deciduous_Smooth_0m_Stereo_01'. Edition and playback won't be available for this object.
'\Effects\BOOM Library IR - F&S - Stereo\BOOM Library IR - F&S\Stereo\Forest Deciduous\Forest_Deciduous_Smooth_0m_Stereo_01' uses the audio effect plugin 'Wwise Convolution Reverb', which is not installed.
The Plug-in 'Wwise Convolution Reverb' was not found for '\Effects\BOOM Library IR - F&S - Stereo\BOOM Library IR - F&S\Stereo\Forest Deciduous\Forest_Deciduous_Winter_Long_50m_Stereo_01'. Edition and playback won't be available for this object.
'\Effects\BOOM Library IR - F&S - Stereo\BOOM Library IR - F&S\Stereo\Forest Deciduous\Forest_Deciduous_Winter_Long_50m_Stereo_01' uses the audio effect plugin 'Wwise Convolution Reverb', which is not installed.
The Plug-in 'Wwise Convolution Reverb' was not found for '\Effects\BOOM Library IR - F&S - Stereo\BOOM Library IR - F&S\Stereo\Forest Deciduous\Forest_Deciduous_Winter_Smooth_0m_Stereo_01'. Edition and playback won't be available for this object.
'\Effects\BOOM Library IR - F&S - Stereo\BOOM Library IR - F&S\Stereo\Forest Deciduous\Forest_Deciduous_Winter_Smooth_0m_Stereo_01' uses the audio effect plugin 'Wwise Convolution Reverb', which is not installed.
The Plug-in 'Wwise Convolution Reverb' was not found for '\Effects\BOOM Library IR - F&S - Stereo\BOOM Library IR - F&S\Stereo\Forest Dense\Forest_Dense_Short_0m_Stereo_01'. Edition and playback won't be available for this object.
'\Effects\BOOM Library IR - F&S - Stereo\BOOM Library IR - F&S\Stereo\Forest Dense\Forest_Dense_Short_0m_Stereo_01' uses the audio effect plugin 'Wwise Convolution Reverb', which is not installed.
The Plug-in 'Wwise Convolution Reverb' was not found for '\Effects\BOOM Library IR - F&S - Stereo\BOOM Library IR - F&S\Stereo\Forest Hills\Forest_Hills_Long_0m_Stereo_01'. Edition and playback won't be available for this object.
'\Effects\BOOM Library IR - F&S - Stereo\BOOM Library IR - F&S\Stereo\Forest Hills\Forest_Hills_Long_0m_Stereo_01' uses the audio effect plugin 'Wwise Convolution Reverb', which is not installed.
The Plug-in 'Wwise Convolution Reverb' was not found for '\Effects\BOOM Library IR - F&S - Stereo\BOOM Library IR - F&S\Stereo\Forest Hills\Forest_Hills_Long_60m_Stereo_01'. Edition and playback won't be available for this object.
'\Effects\BOOM Library IR - F&S - Stereo\BOOM Library IR - F&S\Stereo\Forest Hills\Forest_Hills_Long_60m_Stereo_01' uses the audio effect plugin 'Wwise Convolution Reverb', which is not installed.
The Plug-in 'Wwise Convolution Reverb' was not found for '\Effects\BOOM Library IR - F&S - Stereo\BOOM Library IR - F&S\Stereo\Forest Light\Forest_Light_Long_10m_Stereo_01'. Edition and playback won't be available for this object.
'\Effects\BOOM Library IR - F&S - Stereo\BOOM Library IR - F&S\Stereo\Forest Light\Forest_Light_Long_10m_Stereo_01' uses the audio effect plugin 'Wwise Convolution Reverb', which is not installed.
The Plug-in 'Wwise Convolution Reverb' was not found for '\Effects\BOOM Library IR - F&S - Stereo\BOOM Library IR - F&S\Stereo\Forest Light\Forest_Light_Long_20m_Stereo_01'. Edition and playback won't be available for this object.
'\Effects\BOOM Library IR - F&S - Stereo\BOOM Library IR - F&S\Stereo\Forest Light\Forest_Light_Long_20m_Stereo_01' uses the audio effect plugin 'Wwise Convolution Reverb', which is not installed.
The Plug-in 'Wwise Convolution Reverb' was not found for '\Effects\BOOM Library IR - F&S - Stereo\BOOM Library IR - F&S\Stereo\Forest Light\Forest_Light_Smooth_0m_Stereo_01'. Edition and playback won't be available for this object.
'\Effects\BOOM Library IR - F&S - Stereo\BOOM Library IR - F&S\Stereo\Forest Light\Forest_Light_Smooth_0m_Stereo_01' uses the audio effect plugin 'Wwise Convolution Reverb', which is not installed.
The Plug-in 'Wwise Convolution Reverb' was not found for '\Effects\BOOM Library IR - F&S - Stereo\BOOM Library IR - F&S\Stereo\Forest Pit\Forest_Pit_Hollow_0m_Stereo_01'. Edition and playback won't be available for this object.
'\Effects\BOOM Library IR - F&S - Stereo\BOOM Library IR - F&S\Stereo\Forest Pit\Forest_Pit_Hollow_0m_Stereo_01' uses the audio effect plugin 'Wwise Convolution Reverb', which is not installed.
The Plug-in 'Wwise Convolution Reverb' was not found for '\Effects\BOOM Library IR - F&S - Stereo\BOOM Library IR - F&S\Stereo\Forest Pit\Forest_Pit_Hollow_10m_Stereo_01'. Edition and playback won't be available for this object.
'\Effects\BOOM Library IR - F&S - Stereo\BOOM Library IR - F&S\Stereo\Forest Pit\Forest_Pit_Hollow_10m_Stereo_01' uses the audio effect plugin 'Wwise Convolution Reverb', which is not installed.
The Plug-in 'Wwise Convolution Reverb' was not found for '\Effects\BOOM Library IR - F&S - Stereo\BOOM Library IR - F&S\Stereo\Forest Courtyard\Fortress_Courtyard_Echoing_0m_Stereo_01'. Edition and playback won't be available for this object.
'\Effects\BOOM Library IR - F&S - Stereo\BOOM Library IR - F&S\Stereo\Forest Courtyard\Fortress_Courtyard_Echoing_0m_Stereo_01' uses the audio effect plugin 'Wwise Convolution Reverb', which is not installed.
The Plug-in 'Wwise Convolution Reverb' was not found for '\Effects\BOOM Library IR - F&S - Stereo\BOOM Library IR - F&S\Stereo\Forest Courtyard\Fortress_Courtyard_Echoing_25m_Stereo_01'. Edition and playback won't be available for this object.
'\Effects\BOOM Library IR - F&S - Stereo\BOOM Library IR - F&S\Stereo\Forest Courtyard\Fortress_Courtyard_Echoing_25m_Stereo_01' uses the audio effect plugin 'Wwise Convolution Reverb', which is not installed.
The Plug-in 'Wwise Convolution Reverb' was not found for '\Effects\BOOM Library IR - F&S - Stereo\BOOM Library IR - F&S\Stereo\Forest Courtyard\Fortress_Courtyard_Echoing_55m_Stereo_01'. Edition and playback won't be available for this object.
'\Effects\BOOM Library IR - F&S - Stereo\BOOM Library IR - F&S\Stereo\Forest Courtyard\Fortress_Courtyard_Echoing_55m_Stereo_01' uses the audio effect plugin 'Wwise Convolution Reverb', which is not installed.
The Plug-in 'Wwise Convolution Reverb' was not found for '\Effects\BOOM Library IR - F&S - Stereo\BOOM Library IR - F&S\Stereo\Forest Courtyard\Fortress_Courtyard_Flutter_25m_Stereo_01'. Edition and playback won't be available for this object.
'\Effects\BOOM Library IR - F&S - Stereo\BOOM Library IR - F&S\Stereo\Forest Courtyard\Fortress_Courtyard_Flutter_25m_Stereo_01' uses the audio effect plugin 'Wwise Convolution Reverb', which is not installed.
The Plug-in 'Wwise Convolution Reverb' was not found for '\Effects\BOOM Library IR - F&S - Stereo\BOOM Library IR - F&S\Stereo\Forest Courtyard\Fortress_Courtyard_Short_0m_Stereo_01'. Edition and playback won't be available for this object.
'\Effects\BOOM Library IR - F&S - Stereo\BOOM Library IR - F&S\Stereo\Forest Courtyard\Fortress_Courtyard_Short_0m_Stereo_01' uses the audio effect plugin 'Wwise Convolution Reverb', which is not installed.
The Plug-in 'Wwise Convolution Reverb' was not found for '\Effects\BOOM Library IR - F&S - Stereo\BOOM Library IR - F&S\Stereo\Forest Courtyard\Fortress_Courtyard_Soft_0m_Stereo_01'. Edition and playback won't be available for this object.
'\Effects\BOOM Library IR - F&S - Stereo\BOOM Library IR - F&S\Stereo\Forest Courtyard\Fortress_Courtyard_Soft_0m_Stereo_01' uses the audio effect plugin 'Wwise Convolution Reverb', which is not installed.
The Plug-in 'Wwise Convolution Reverb' was not found for '\Effects\BOOM Library IR - F&S - Stereo\BOOM Library IR - F&S\Stereo\Fortress Small\Fortress_Small_Echoing_30m_Stereo_01'. Edition and playback won't be available for this object.
'\Effects\BOOM Library IR - F&S - Stereo\BOOM Library IR - F&S\Stereo\Fortress Small\Fortress_Small_Echoing_30m_Stereo_01' uses the audio effect plugin 'Wwise Convolution Reverb', which is not installed.
The Plug-in 'Wwise Convolution Reverb' was not found for '\Effects\BOOM Library IR - F&S - Stereo\BOOM Library IR - F&S\Stereo\Fortress Small\Fortress_Small_Short_0m_Stereo_01'. Edition and playback won't be available for this object.
'\Effects\BOOM Library IR - F&S - Stereo\BOOM Library IR - F&S\Stereo\Fortress Small\Fortress_Small_Short_0m_Stereo_01' uses the audio effect plugin 'Wwise Convolution Reverb', which is not installed.
The Plug-in 'Wwise Convolution Reverb' was not found for '\Effects\BOOM Library IR - F&S - Stereo\BOOM Library IR - F&S\Stereo\Fortress Small\Fortress_Small_Short_20m_Stereo_01'. Edition and playback won't be available for this object.
'\Effects\BOOM Library IR - F&S - Stereo\BOOM Library IR - F&S\Stereo\Fortress Small\Fortress_Small_Short_20m_Stereo_01' uses the audio effect plugin 'Wwise Convolution Reverb', which is not installed.
The Plug-in 'Wwise Convolution Reverb' was not found for '\Effects\BOOM Library IR - F&S - Stereo\BOOM Library IR - F&S\Stereo\Hills Grass\Hills_Grass_0m_Stereo_01'. Edition and playback won't be available for this object.
'\Effects\BOOM Library IR - F&S - Stereo\BOOM Library IR - F&S\Stereo\Hills Grass\Hills_Grass_0m_Stereo_01' uses the audio effect plugin 'Wwise Convolution Reverb', which is not installed.
The Plug-in 'Wwise Convolution Reverb' was not found for '\Effects\BOOM Library IR - F&S - Stereo\BOOM Library IR - F&S\Stereo\Hills Grass\Hills_Grass_60m_Stereo_01'. Edition and playback won't be available for this object.
'\Effects\BOOM Library IR - F&S - Stereo\BOOM Library IR - F&S\Stereo\Hills Grass\Hills_Grass_60m_Stereo_01' uses the audio effect plugin 'Wwise Convolution Reverb', which is not installed.
The Plug-in 'Wwise Convolution Reverb' was not found for '\Effects\BOOM Library IR - F&S - Stereo\BOOM Library IR - F&S\Stereo\Hills Snow\Hills_Snow_0m_Stereo_01'. Edition and playback won't be available for this object.
'\Effects\BOOM Library IR - F&S - Stereo\BOOM Library IR - F&S\Stereo\Hills Snow\Hills_Snow_0m_Stereo_01' uses the audio effect plugin 'Wwise Convolution Reverb', which is not installed.
The Plug-in 'Wwise Convolution Reverb' was not found for '\Effects\BOOM Library IR - F&S - Stereo\BOOM Library IR - F&S\Stereo\Hills Snow\Hills_Snow_60m_Stereo_01'. Edition and playback won't be available for this object.
'\Effects\BOOM Library IR - F&S - Stereo\BOOM Library IR - F&S\Stereo\Hills Snow\Hills_Snow_60m_Stereo_01' uses the audio effect plugin 'Wwise Convolution Reverb', which is not installed.
The Plug-in 'Wwise Convolution Reverb' was not found for '\Effects\BOOM Library IR - F&S - Stereo\BOOM Library IR - F&S\Stereo\Hillside Dirt\Hillside_Dirt_10m_Stereo_01'. Edition and playback won't be available for this object.
'\Effects\BOOM Library IR - F&S - Stereo\BOOM Library IR - F&S\Stereo\Hillside Dirt\Hillside_Dirt_10m_Stereo_01' uses the audio effect plugin 'Wwise Convolution Reverb', which is not installed.
The Plug-in 'Wwise Convolution Reverb' was not found for '\Effects\BOOM Library IR - F&S - Stereo\BOOM Library IR - F&S\Stereo\Hillside Dirt\Hillside_Dirt_40m_Stereo_01'. Edition and playback won't be available for this object.
'\Effects\BOOM Library IR - F&S - Stereo\BOOM Library IR - F&S\Stereo\Hillside Dirt\Hillside_Dirt_40m_Stereo_01' uses the audio effect plugin 'Wwise Convolution Reverb', which is not installed.
The Plug-in 'Wwise Convolution Reverb' was not found for '\Effects\BOOM Library IR - F&S - Stereo\BOOM Library IR - F&S\Stereo\Industrial District\Industrial_District_0m_Stereo_01'. Edition and playback won't be available for this object.
'\Effects\BOOM Library IR - F&S - Stereo\BOOM Library IR - F&S\Stereo\Industrial District\Industrial_District_0m_Stereo_01' uses the audio effect plugin 'Wwise Convolution Reverb', which is not installed.
The Plug-in 'Wwise Convolution Reverb' was not found for '\Effects\BOOM Library IR - F&S - Stereo\BOOM Library IR - F&S\Stereo\Industrial District\Industrial_District_10m_Stereo_01'. Edition and playback won't be available for this object.
'\Effects\BOOM Library IR - F&S - Stereo\BOOM Library IR - F&S\Stereo\Industrial District\Industrial_District_10m_Stereo_01' uses the audio effect plugin 'Wwise Convolution Reverb', which is not installed.
The Plug-in 'Wwise Convolution Reverb' was not found for '\Effects\BOOM Library IR - F&S - Stereo\BOOM Library IR - F&S\Stereo\Industrial District\Industrial_District_35m_Stereo_01'. Edition and playback won't be available for this object.
'\Effects\BOOM Library IR - F&S - Stereo\BOOM Library IR - F&S\Stereo\Industrial District\Industrial_District_35m_Stereo_01' uses the audio effect plugin 'Wwise Convolution Reverb', which is not installed.
The Plug-in 'Wwise Convolution Reverb' was not found for '\Effects\BOOM Library IR - F&S - Stereo\BOOM Library IR - F&S\Stereo\Metropole Center\Metropole_Center_Echoing_17m_Stereo_01'. Edition and playback won't be available for this object.
'\Effects\BOOM Library IR - F&S - Stereo\BOOM Library IR - F&S\Stereo\Metropole Center\Metropole_Center_Echoing_17m_Stereo_01' uses the audio effect plugin 'Wwise Convolution Reverb', which is not installed.
The Plug-in 'Wwise Convolution Reverb' was not found for '\Effects\BOOM Library IR - F&S - Stereo\BOOM Library IR - F&S\Stereo\Metropole Center\Metropole_Center_Echoing_Distant_17m_Stereo_01'. Edition and playback won't be available for this object.
'\Effects\BOOM Library IR - F&S - Stereo\BOOM Library IR - F&S\Stereo\Metropole Center\Metropole_Center_Echoing_Distant_17m_Stereo_01' uses the audio effect plugin 'Wwise Convolution Reverb', which is not installed.
The Plug-in 'Wwise Convolution Reverb' was not found for '\Effects\BOOM Library IR - F&S - Stereo\BOOM Library IR - F&S\Stereo\Metropole Center\Metropole_Center_Echoing_Distant_19m_Stereo_01'. Edition and playback won't be available for this object.
'\Effects\BOOM Library IR - F&S - Stereo\BOOM Library IR - F&S\Stereo\Metropole Center\Metropole_Center_Echoing_Distant_19m_Stereo_01' uses the audio effect plugin 'Wwise Convolution Reverb', which is not installed.
The Plug-in 'Wwise Convolution Reverb' was not found for '\Effects\BOOM Library IR - F&S - Stereo\BOOM Library IR - F&S\Stereo\Metropole Center\Metropole_Center_Echoing_Distant_40m_Stereo_01'. Edition and playback won't be available for this object.
'\Effects\BOOM Library IR - F&S - Stereo\BOOM Library IR - F&S\Stereo\Metropole Center\Metropole_Center_Echoing_Distant_40m_Stereo_01' uses the audio effect plugin 'Wwise Convolution Reverb', which is not installed.
The Plug-in 'Wwise Convolution Reverb' was not found for '\Effects\BOOM Library IR - F&S - Stereo\BOOM Library IR - F&S\Stereo\Metropole Center\Metropole_Center_Echoing_Distant_100m_Stereo_01'. Edition and playback won't be available for this object.
'\Effects\BOOM Library IR - F&S - Stereo\BOOM Library IR - F&S\Stereo\Metropole Center\Metropole_Center_Echoing_Distant_100m_Stereo_01' uses the audio effect plugin 'Wwise Convolution Reverb', which is not installed.
The Plug-in 'Wwise Convolution Reverb' was not found for '\Effects\BOOM Library IR - F&S - Stereo\BOOM Library IR - F&S\Stereo\Metropole Center\Metropole_Center_Flutter_30m_Stereo_01'. Edition and playback won't be available for this object.
'\Effects\BOOM Library IR - F&S - Stereo\BOOM Library IR - F&S\Stereo\Metropole Center\Metropole_Center_Flutter_30m_Stereo_01' uses the audio effect plugin 'Wwise Convolution Reverb', which is not installed.
The Plug-in 'Wwise Convolution Reverb' was not found for '\Effects\BOOM Library IR - F&S - Stereo\BOOM Library IR - F&S\Stereo\Metropole Center\Metropole_Center_Flutter_40m_Stereo_01'. Edition and playback won't be available for this object.
'\Effects\BOOM Library IR - F&S - Stereo\BOOM Library IR - F&S\Stereo\Metropole Center\Metropole_Center_Flutter_40m_Stereo_01' uses the audio effect plugin 'Wwise Convolution Reverb', which is not installed.
The Plug-in 'Wwise Convolution Reverb' was not found for '\Effects\BOOM Library IR - F&S - Stereo\BOOM Library IR - F&S\Stereo\Metropole Inner Courtyard\Metropole_Inner_Courtyard_Echoing_0m_Stereo_01'. Edition and playback won't be available for this object.
'\Effects\BOOM Library IR - F&S - Stereo\BOOM Library IR - F&S\Stereo\Metropole Inner Courtyard\Metropole_Inner_Courtyard_Echoing_0m_Stereo_01' uses the audio effect plugin 'Wwise Convolution Reverb', which is not installed.
The Plug-in 'Wwise Convolution Reverb' was not found for '\Effects\BOOM Library IR - F&S - Stereo\BOOM Library IR - F&S\Stereo\Metropole Inner Courtyard\Metropole_Inner_Courtyard_Echoing_30m_Stereo_01'. Edition and playback won't be available for this object.
'\Effects\BOOM Library IR - F&S - Stereo\BOOM Library IR - F&S\Stereo\Metropole Inner Courtyard\Metropole_Inner_Courtyard_Echoing_30m_Stereo_01' uses the audio effect plugin 'Wwise Convolution Reverb', which is not installed.
The Plug-in 'Wwise Convolution Reverb' was not found for '\Effects\BOOM Library IR - F&S - Stereo\BOOM Library IR - F&S\Stereo\Metropole Inner Courtyard\Metropole_Inner_Courtyard_Echoing_55m_Stereo_01'. Edition and playback won't be available for this object.
'\Effects\BOOM Library IR - F&S - Stereo\BOOM Library IR - F&S\Stereo\Metropole Inner Courtyard\Metropole_Inner_Courtyard_Echoing_55m_Stereo_01' uses the audio effect plugin 'Wwise Convolution Reverb', which is not installed.
The Plug-in 'Wwise Convolution Reverb' was not found for '\Effects\BOOM Library IR - F&S - Stereo\BOOM Library IR - F&S\Stereo\Metropole Inner Courtyard\Metropole_Inner_Courtyard_Echoing_60m_Stereo_01'. Edition and playback won't be available for this object.
'\Effects\BOOM Library IR - F&S - Stereo\BOOM Library IR - F&S\Stereo\Metropole Inner Courtyard\Metropole_Inner_Courtyard_Echoing_60m_Stereo_01' uses the audio effect plugin 'Wwise Convolution Reverb', which is not installed.
The Plug-in 'Wwise Convolution Reverb' was not found for '\Effects\BOOM Library IR - F&S - Stereo\BOOM Library IR - F&S\Stereo\Metropole Street\Metropole_Street_Short_0m_Stereo_01'. Edition and playback won't be available for this object.
'\Effects\BOOM Library IR - F&S - Stereo\BOOM Library IR - F&S\Stereo\Metropole Street\Metropole_Street_Short_0m_Stereo_01' uses the audio effect plugin 'Wwise Convolution Reverb', which is not installed.
The Plug-in 'Wwise Convolution Reverb' was not found for '\Effects\BOOM Library IR - F&S - Stereo\BOOM Library IR - F&S\Stereo\Metropole Street\Metropole_Street_Smooth_15m_Stereo_01'. Edition and playback won't be available for this object.
'\Effects\BOOM Library IR - F&S - Stereo\BOOM Library IR - F&S\Stereo\Metropole Street\Metropole_Street_Smooth_15m_Stereo_01' uses the audio effect plugin 'Wwise Convolution Reverb', which is not installed.
The Plug-in 'Wwise Convolution Reverb' was not found for '\Effects\BOOM Library IR - F&S - Stereo\BOOM Library IR - F&S\Stereo\Metropole Street\Metropole_Street_Smooth_50m_Stereo_01'. Edition and playback won't be available for this object.
'\Effects\BOOM Library IR - F&S - Stereo\BOOM Library IR - F&S\Stereo\Metropole Street\Metropole_Street_Smooth_50m_Stereo_01' uses the audio effect plugin 'Wwise Convolution Reverb', which is not installed.
The Plug-in 'Wwise Convolution Reverb' was not found for '\Effects\BOOM Library IR - F&S - Stereo\BOOM Library IR - F&S\Stereo\Mountain Lake\Mountain_Lake_Quiet_0m_Stereo_01'. Edition and playback won't be available for this object.
'\Effects\BOOM Library IR - F&S - Stereo\BOOM Library IR - F&S\Stereo\Mountain Lake\Mountain_Lake_Quiet_0m_Stereo_01' uses the audio effect plugin 'Wwise Convolution Reverb', which is not installed.
The Plug-in 'Wwise Convolution Reverb' was not found for '\Effects\BOOM Library IR - F&S - Stereo\BOOM Library IR - F&S\Stereo\Mountain Pasture\Mountain_Pasture_Echoing_0m_Stereo_01'. Edition and playback won't be available for this object.
'\Effects\BOOM Library IR - F&S - Stereo\BOOM Library IR - F&S\Stereo\Mountain Pasture\Mountain_Pasture_Echoing_0m_Stereo_01' uses the audio effect plugin 'Wwise Convolution Reverb', which is not installed.
The Plug-in 'Wwise Convolution Reverb' was not found for '\Effects\BOOM Library IR - F&S - Stereo\BOOM Library IR - F&S\Stereo\Mountain Pasture\Mountain_Pasture_Echoing_15m_Stereo_01'. Edition and playback won't be available for this object.
'\Effects\BOOM Library IR - F&S - Stereo\BOOM Library IR - F&S\Stereo\Mountain Pasture\Mountain_Pasture_Echoing_15m_Stereo_01' uses the audio effect plugin 'Wwise Convolution Reverb', which is not installed.
The Plug-in 'Wwise Convolution Reverb' was not found for '\Effects\BOOM Library IR - F&S - Stereo\BOOM Library IR - F&S\Stereo\Mountain Pasture\Mountain_Pasture_Echoing_90m_Stereo_01'. Edition and playback won't be available for this object.
'\Effects\BOOM Library IR - F&S - Stereo\BOOM Library IR - F&S\Stereo\Mountain Pasture\Mountain_Pasture_Echoing_90m_Stereo_01' uses the audio effect plugin 'Wwise Convolution Reverb', which is not installed.
The Plug-in 'Wwise Convolution Reverb' was not found for '\Effects\BOOM Library IR - F&S - Stereo\BOOM Library IR - F&S\Stereo\Mountain Range Road Dust\Mountain_Range_Road_Dust_Short_0m_Stereo_01'. Edition and playback won't be available for this object.
'\Effects\BOOM Library IR - F&S - Stereo\BOOM Library IR - F&S\Stereo\Mountain Range Road Dust\Mountain_Range_Road_Dust_Short_0m_Stereo_01' uses the audio effect plugin 'Wwise Convolution Reverb', which is not installed.
The Plug-in 'Wwise Convolution Reverb' was not found for '\Effects\BOOM Library IR - F&S - Stereo\BOOM Library IR - F&S\Stereo\Mountain Range Road Dust\Mountain_Range_Road_Dust_Short_10m_Stereo_01'. Edition and playback won't be available for this object.
'\Effects\BOOM Library IR - F&S - Stereo\BOOM Library IR - F&S\Stereo\Mountain Range Road Dust\Mountain_Range_Road_Dust_Short_10m_Stereo_01' uses the audio effect plugin 'Wwise Convolution Reverb', which is not installed.
The Plug-in 'Wwise Convolution Reverb' was not found for '\Effects\BOOM Library IR - F&S - Stereo\BOOM Library IR - F&S\Stereo\Mountain Rumble\Mountain_Rumble_Special_Rumbling_Delayed_0m_Stereo_01'. Edition and playback won't be available for this object.
'\Effects\BOOM Library IR - F&S - Stereo\BOOM Library IR - F&S\Stereo\Mountain Rumble\Mountain_Rumble_Special_Rumbling_Delayed_0m_Stereo_01' uses the audio effect plugin 'Wwise Convolution Reverb', which is not installed.
The Plug-in 'Wwise Convolution Reverb' was not found for '\Effects\BOOM Library IR - F&S - Stereo\BOOM Library IR - F&S\Stereo\Mountain Rumble\Mountain_Rumble_Special_Rumbling_Long_0m_Stereo_01'. Edition and playback won't be available for this object.
'\Effects\BOOM Library IR - F&S - Stereo\BOOM Library IR - F&S\Stereo\Mountain Rumble\Mountain_Rumble_Special_Rumbling_Long_0m_Stereo_01' uses the audio effect plugin 'Wwise Convolution Reverb', which is not installed.
The Plug-in 'Wwise Convolution Reverb' was not found for '\Effects\BOOM Library IR - F&S - Stereo\BOOM Library IR - F&S\Stereo\Mountain Rumble\Mountain_Rumble_Special_Rumbling_Muffled_1000m_Stereo_01'. Edition and playback won't be available for this object.
'\Effects\BOOM Library IR - F&S - Stereo\BOOM Library IR - F&S\Stereo\Mountain Rumble\Mountain_Rumble_Special_Rumbling_Muffled_1000m_Stereo_01' uses the audio effect plugin 'Wwise Convolution Reverb', which is not installed.
The Plug-in 'Wwise Convolution Reverb' was not found for '\Effects\BOOM Library IR - F&S - Stereo\BOOM Library IR - F&S\Stereo\Plane Grass\Plane_Grass_Dense_Short_0m_Stereo_01'. Edition and playback won't be available for this object.
'\Effects\BOOM Library IR - F&S - Stereo\BOOM Library IR - F&S\Stereo\Plane Grass\Plane_Grass_Dense_Short_0m_Stereo_01' uses the audio effect plugin 'Wwise Convolution Reverb', which is not installed.
The Plug-in 'Wwise Convolution Reverb' was not found for '\Effects\BOOM Library IR - F&S - Stereo\BOOM Library IR - F&S\Stereo\Plane Grass\Plane_Grass_Dense_Short_10m_Stereo_01'. Edition and playback won't be available for this object.
'\Effects\BOOM Library IR - F&S - Stereo\BOOM Library IR - F&S\Stereo\Plane Grass\Plane_Grass_Dense_Short_10m_Stereo_01' uses the audio effect plugin 'Wwise Convolution Reverb', which is not installed.
The Plug-in 'Wwise Convolution Reverb' was not found for '\Effects\BOOM Library IR - F&S - Stereo\BOOM Library IR - F&S\Stereo\Plane Grass Sparse\Plane_Grass_Sparse_Short_0m_Stereo_01'. Edition and playback won't be available for this object.
'\Effects\BOOM Library IR - F&S - Stereo\BOOM Library IR - F&S\Stereo\Plane Grass Sparse\Plane_Grass_Sparse_Short_0m_Stereo_01' uses the audio effect plugin 'Wwise Convolution Reverb', which is not installed.
The Plug-in 'Wwise Convolution Reverb' was not found for '\Effects\BOOM Library IR - F&S - Stereo\BOOM Library IR - F&S\Stereo\Plane Grass Sparse\Plane_Grass_Sparse_Short_10m_Stereo_01'. Edition and playback won't be available for this object.
'\Effects\BOOM Library IR - F&S - Stereo\BOOM Library IR - F&S\Stereo\Plane Grass Sparse\Plane_Grass_Sparse_Short_10m_Stereo_01' uses the audio effect plugin 'Wwise Convolution Reverb', which is not installed.
The Plug-in 'Wwise Convolution Reverb' was not found for '\Effects\BOOM Library IR - F&S - Stereo\BOOM Library IR - F&S\Stereo\Plane Sand\Plane_Sand_0m_Stereo_01'. Edition and playback won't be available for this object.
'\Effects\BOOM Library IR - F&S - Stereo\BOOM Library IR - F&S\Stereo\Plane Sand\Plane_Sand_0m_Stereo_01' uses the audio effect plugin 'Wwise Convolution Reverb', which is not installed.
The Plug-in 'Wwise Convolution Reverb' was not found for '\Effects\BOOM Library IR - F&S - Stereo\BOOM Library IR - F&S\Stereo\Plane Sand\Plane_Sand_10m_Stereo_01'. Edition and playback won't be available for this object.
'\Effects\BOOM Library IR - F&S - Stereo\BOOM Library IR - F&S\Stereo\Plane Sand\Plane_Sand_10m_Stereo_01' uses the audio effect plugin 'Wwise Convolution Reverb', which is not installed.
The Plug-in 'Wwise Convolution Reverb' was not found for '\Effects\BOOM Library IR - F&S - Stereo\BOOM Library IR - F&S\Stereo\Plane Snow\Plane_Snow_0m_Stereo_01'. Edition and playback won't be available for this object.
'\Effects\BOOM Library IR - F&S - Stereo\BOOM Library IR - F&S\Stereo\Plane Snow\Plane_Snow_0m_Stereo_01' uses the audio effect plugin 'Wwise Convolution Reverb', which is not installed.
The Plug-in 'Wwise Convolution Reverb' was not found for '\Effects\BOOM Library IR - F&S - Stereo\BOOM Library IR - F&S\Stereo\Plane Snow\Plane_Snow_10m_Stereo_01'. Edition and playback won't be available for this object.
'\Effects\BOOM Library IR - F&S - Stereo\BOOM Library IR - F&S\Stereo\Plane Snow\Plane_Snow_10m_Stereo_01' uses the audio effect plugin 'Wwise Convolution Reverb', which is not installed.
The Plug-in 'Wwise Convolution Reverb' was not found for '\Effects\BOOM Library IR - F&S - Stereo\BOOM Library IR - F&S\Stereo\Plane Stone\Plane_Stone_0m_Stereo_01'. Edition and playback won't be available for this object.
'\Effects\BOOM Library IR - F&S - Stereo\BOOM Library IR - F&S\Stereo\Plane Stone\Plane_Stone_0m_Stereo_01' uses the audio effect plugin 'Wwise Convolution Reverb', which is not installed.
The Plug-in 'Wwise Convolution Reverb' was not found for '\Effects\BOOM Library IR - F&S - Stereo\BOOM Library IR - F&S\Stereo\Plane Stone\Plane_Stone_10m_Stereo_01'. Edition and playback won't be available for this object.
'\Effects\BOOM Library IR - F&S - Stereo\BOOM Library IR - F&S\Stereo\Plane Stone\Plane_Stone_10m_Stereo_01' uses the audio effect plugin 'Wwise Convolution Reverb', which is not installed.
The Plug-in 'Wwise Convolution Reverb' was not found for '\Effects\BOOM Library IR - F&S - Stereo\BOOM Library IR - F&S\Stereo\River Bank\River_Bank_24m_Stereo_01'. Edition and playback won't be available for this object.
'\Effects\BOOM Library IR - F&S - Stereo\BOOM Library IR - F&S\Stereo\River Bank\River_Bank_24m_Stereo_01' uses the audio effect plugin 'Wwise Convolution Reverb', which is not installed.
The Plug-in 'Wwise Convolution Reverb' was not found for '\Effects\BOOM Library IR - F&S - Stereo\BOOM Library IR - F&S\Stereo\Stone Quary\Stone_Quarry_Echoing_Diffuse_0m_Stereo_01'. Edition and playback won't be available for this object.
'\Effects\BOOM Library IR - F&S - Stereo\BOOM Library IR - F&S\Stereo\Stone Quary\Stone_Quarry_Echoing_Diffuse_0m_Stereo_01' uses the audio effect plugin 'Wwise Convolution Reverb', which is not installed.
The Plug-in 'Wwise Convolution Reverb' was not found for '\Effects\BOOM Library IR - F&S - Stereo\BOOM Library IR - F&S\Stereo\Stone Quary\Stone_Quarry_Echoing_Long_Distant_Diffuse_0m_Stereo_01'. Edition and playback won't be available for this object.
'\Effects\BOOM Library IR - F&S - Stereo\BOOM Library IR - F&S\Stereo\Stone Quary\Stone_Quarry_Echoing_Long_Distant_Diffuse_0m_Stereo_01' uses the audio effect plugin 'Wwise Convolution Reverb', which is not installed.
The Plug-in 'Wwise Convolution Reverb' was not found for '\Effects\BOOM Library IR - F&S - Stereo\BOOM Library IR - F&S\Stereo\Stone Quary\Stone_Quarry_Echoing_Long_Sequential_Diffuse_40m_Stereo_01'. Edition and playback won't be available for this object.
'\Effects\BOOM Library IR - F&S - Stereo\BOOM Library IR - F&S\Stereo\Stone Quary\Stone_Quarry_Echoing_Long_Sequential_Diffuse_40m_Stereo_01' uses the audio effect plugin 'Wwise Convolution Reverb', which is not installed.
The Plug-in 'Wwise Convolution Reverb' was not found for '\Effects\BOOM Library IR - F&S - Stereo\BOOM Library IR - F&S\Stereo\Stone Quary\Stone_Quarry_Echoing_Slapping_300m_Stereo_01'. Edition and playback won't be available for this object.
'\Effects\BOOM Library IR - F&S - Stereo\BOOM Library IR - F&S\Stereo\Stone Quary\Stone_Quarry_Echoing_Slapping_300m_Stereo_01' uses the audio effect plugin 'Wwise Convolution Reverb', which is not installed.
The Plug-in 'Wwise Convolution Reverb' was not found for '\Effects\BOOM Library IR - F&S - Stereo\BOOM Library IR - F&S\Stereo\Stone Quary\Stone_Quarry_Echoing_Staggered_50m_Stereo_01'. Edition and playback won't be available for this object.
'\Effects\BOOM Library IR - F&S - Stereo\BOOM Library IR - F&S\Stereo\Stone Quary\Stone_Quarry_Echoing_Staggered_50m_Stereo_01' uses the audio effect plugin 'Wwise Convolution Reverb', which is not installed.
The Plug-in 'Wwise Convolution Reverb' was not found for '\Effects\BOOM Library IR - F&S - Stereo\BOOM Library IR - F&S\Stereo\Town Mountains\Town_Mountains_Echoing_8m_Stereo_01'. Edition and playback won't be available for this object.
'\Effects\BOOM Library IR - F&S - Stereo\BOOM Library IR - F&S\Stereo\Town Mountains\Town_Mountains_Echoing_8m_Stereo_01' uses the audio effect plugin 'Wwise Convolution Reverb', which is not installed.
The Plug-in 'Wwise Convolution Reverb' was not found for '\Effects\BOOM Library IR - F&S - Stereo\BOOM Library IR - F&S\Stereo\Town Mountains\Town_Mountains_Echoing_13m_Stereo_01'. Edition and playback won't be available for this object.
'\Effects\BOOM Library IR - F&S - Stereo\BOOM Library IR - F&S\Stereo\Town Mountains\Town_Mountains_Echoing_13m_Stereo_01' uses the audio effect plugin 'Wwise Convolution Reverb', which is not installed.
The Plug-in 'Wwise Convolution Reverb' was not found for '\Effects\BOOM Library IR - F&S - Stereo\BOOM Library IR - F&S\Stereo\Town Mountains\Town_Mountains_Short_0m_Stereo_01'. Edition and playback won't be available for this object.
'\Effects\BOOM Library IR - F&S - Stereo\BOOM Library IR - F&S\Stereo\Town Mountains\Town_Mountains_Short_0m_Stereo_01' uses the audio effect plugin 'Wwise Convolution Reverb', which is not installed.
The Plug-in 'Wwise Convolution Reverb' was not found for '\Effects\BOOM Library IR - F&S - Stereo\BOOM Library IR - F&S\Stereo\Town Mountains\Town_Mountains_Smooth_0m_Stereo_01'. Edition and playback won't be available for this object.
'\Effects\BOOM Library IR - F&S - Stereo\BOOM Library IR - F&S\Stereo\Town Mountains\Town_Mountains_Smooth_0m_Stereo_01' uses the audio effect plugin 'Wwise Convolution Reverb', which is not installed.
The Plug-in 'Wwise Convolution Reverb' was not found for '\Effects\BOOM Library IR - F&S - Stereo\BOOM Library IR - F&S\Stereo\Town Mountains\Town_Mountains_Smooth_24m_Stereo_01'. Edition and playback won't be available for this object.
'\Effects\BOOM Library IR - F&S - Stereo\BOOM Library IR - F&S\Stereo\Town Mountains\Town_Mountains_Smooth_24m_Stereo_01' uses the audio effect plugin 'Wwise Convolution Reverb', which is not installed.
The Plug-in 'Wwise Convolution Reverb' was not found for '\Effects\BOOM Library IR - F&S - Stereo\BOOM Library IR - F&S\Stereo\Town Mountains\Town_Mountains_Smooth_40m_Stereo_01'. Edition and playback won't be available for this object.
'\Effects\BOOM Library IR - F&S - Stereo\BOOM Library IR - F&S\Stereo\Town Mountains\Town_Mountains_Smooth_40m_Stereo_01' uses the audio effect plugin 'Wwise Convolution Reverb', which is not installed.
The Plug-in 'Wwise Convolution Reverb' was not found for '\Effects\BOOM Library IR - F&S - Stereo\BOOM Library IR - F&S\Stereo\Town Winter\Town_Winter_0m_Stereo_01'. Edition and playback won't be available for this object.
'\Effects\BOOM Library IR - F&S - Stereo\BOOM Library IR - F&S\Stereo\Town Winter\Town_Winter_0m_Stereo_01' uses the audio effect plugin 'Wwise Convolution Reverb', which is not installed.
The Plug-in 'Wwise Convolution Reverb' was not found for '\Effects\BOOM Library IR - F&S - Stereo\BOOM Library IR - F&S\Stereo\Town Winter\Town_Winter_16m_Stereo_01'. Edition and playback won't be available for this object.
'\Effects\BOOM Library IR - F&S - Stereo\BOOM Library IR - F&S\Stereo\Town Winter\Town_Winter_16m_Stereo_01' uses the audio effect plugin 'Wwise Convolution Reverb', which is not installed.
The Plug-in 'Wwise Convolution Reverb' was not found for '\Effects\BOOM Library IR - F&S - Stereo\BOOM Library IR - F&S\Stereo\Underpass\Underpass_Short_7m_Stereo_01'. Edition and playback won't be available for this object.
'\Effects\BOOM Library IR - F&S - Stereo\BOOM Library IR - F&S\Stereo\Underpass\Underpass_Short_7m_Stereo_01' uses the audio effect plugin 'Wwise Convolution Reverb', which is not installed.
The Plug-in 'Wwise Convolution Reverb' was not found for '\Effects\BOOM Library IR - F&S - Stereo\BOOM Library IR - F&S\Stereo\Underpass\Underpass_Smooth_7m_Stereo_01'. Edition and playback won't be available for this object.
'\Effects\BOOM Library IR - F&S - Stereo\BOOM Library IR - F&S\Stereo\Underpass\Underpass_Smooth_7m_Stereo_01' uses the audio effect plugin 'Wwise Convolution Reverb', which is not installed.
The Plug-in 'Wwise Convolution Reverb' was not found for '\Effects\BOOM Library IR - F&S - Stereo\BOOM Library IR - F&S\Stereo\Village River\Village_River_Echoing_0m_Stereo_01'. Edition and playback won't be available for this object.
'\Effects\BOOM Library IR - F&S - Stereo\BOOM Library IR - F&S\Stereo\Village River\Village_River_Echoing_0m_Stereo_01' uses the audio effect plugin 'Wwise Convolution Reverb', which is not installed.
The Plug-in 'Wwise Convolution Reverb' was not found for '\Effects\BOOM Library IR - F&S - Stereo\BOOM Library IR - F&S\Stereo\Village River\Village_River_Echoing_10m_Stereo_01'. Edition and playback won't be available for this object.
'\Effects\BOOM Library IR - F&S - Stereo\BOOM Library IR - F&S\Stereo\Village River\Village_River_Echoing_10m_Stereo_01' uses the audio effect plugin 'Wwise Convolution Reverb', which is not installed.
The Plug-in 'Wwise Convolution Reverb' was not found for '\Effects\BOOM Library IR - F&S - Stereo\BOOM Library IR - F&S\Stereo\Village River\Village_River_Slapping_0m_Stereo_01'. Edition and playback won't be available for this object.
'\Effects\BOOM Library IR - F&S - Stereo\BOOM Library IR - F&S\Stereo\Village River\Village_River_Slapping_0m_Stereo_01' uses the audio effect plugin 'Wwise Convolution Reverb', which is not installed.
The Plug-in 'Wwise Convolution Reverb' was not found for '\Effects\BOOM Library IR - F&S - Stereo\BOOM Library IR - F&S\Stereo\Village River\Village_River_Slapping_20m_Stereo_01'. Edition and playback won't be available for this object.
'\Effects\BOOM Library IR - F&S - Stereo\BOOM Library IR - F&S\Stereo\Village River\Village_River_Slapping_20m_Stereo_01' uses the audio effect plugin 'Wwise Convolution Reverb', which is not installed.
The Plug-in 'Wwise Convolution Reverb' was not found for '\Effects\BOOM Library IR - F&S - Stereo\BOOM Library IR - F&S\Stereo\Village River\Village_River_Soft_0m_Stereo_01'. Edition and playback won't be available for this object.
'\Effects\BOOM Library IR - F&S - Stereo\BOOM Library IR - F&S\Stereo\Village River\Village_River_Soft_0m_Stereo_01' uses the audio effect plugin 'Wwise Convolution Reverb', which is not installed.
The Plug-in 'Wwise Convolution Reverb' was not found for '\Effects\Factory Altiverb - Outdoor and More\Altiverb - Outdoor and More\Outdoor Alley\Alley_Intimate'. Edition and playback won't be available for this object.
'\Effects\Factory Altiverb - Outdoor and More\Altiverb - Outdoor and More\Outdoor Alley\Alley_Intimate' uses the audio effect plugin 'Wwise Convolution Reverb', which is not installed.
The Plug-in 'Wwise Convolution Reverb' was not found for '\Effects\Factory Altiverb - Outdoor and More\Altiverb - Outdoor and More\Outdoor Alley\LongDeepAlley'. Edition and playback won't be available for this object.
'\Effects\Factory Altiverb - Outdoor and More\Altiverb - Outdoor and More\Outdoor Alley\LongDeepAlley' uses the audio effect plugin 'Wwise Convolution Reverb', which is not installed.
The Plug-in 'Wwise Convolution Reverb' was not found for '\Effects\Factory Altiverb - Outdoor and More\Altiverb - Outdoor and More\Outdoor Alley\NarrowShortAlley'. Edition and playback won't be available for this object.
'\Effects\Factory Altiverb - Outdoor and More\Altiverb - Outdoor and More\Outdoor Alley\NarrowShortAlley' uses the audio effect plugin 'Wwise Convolution Reverb', which is not installed.
The Plug-in 'Wwise Convolution Reverb' was not found for '\Effects\Factory Altiverb - Outdoor and More\Altiverb - Outdoor and More\Outdoor Field\DistantBuilding_MicsClose'. Edition and playback won't be available for this object.
'\Effects\Factory Altiverb - Outdoor and More\Altiverb - Outdoor and More\Outdoor Field\DistantBuilding_MicsClose' uses the audio effect plugin 'Wwise Convolution Reverb', which is not installed.
The Plug-in 'Wwise Convolution Reverb' was not found for '\Effects\Factory Altiverb - Outdoor and More\Altiverb - Outdoor and More\Outdoor Field\DistantBuilding_MicsFar'. Edition and playback won't be available for this object.
'\Effects\Factory Altiverb - Outdoor and More\Altiverb - Outdoor and More\Outdoor Field\DistantBuilding_MicsFar' uses the audio effect plugin 'Wwise Convolution Reverb', which is not installed.
The Plug-in 'Wwise Convolution Reverb' was not found for '\Effects\Factory Altiverb - Outdoor and More\Altiverb - Outdoor and More\Outdoor Forest\ForestAuterlitz_BetweenTrees'. Edition and playback won't be available for this object.
'\Effects\Factory Altiverb - Outdoor and More\Altiverb - Outdoor and More\Outdoor Forest\ForestAuterlitz_BetweenTrees' uses the audio effect plugin 'Wwise Convolution Reverb', which is not installed.
The Plug-in 'Wwise Convolution Reverb' was not found for '\Effects\Factory Altiverb - Outdoor and More\Altiverb - Outdoor and More\Outdoor Forest\ForestAuterlitz_DenseClose'. Edition and playback won't be available for this object.
'\Effects\Factory Altiverb - Outdoor and More\Altiverb - Outdoor and More\Outdoor Forest\ForestAuterlitz_DenseClose' uses the audio effect plugin 'Wwise Convolution Reverb', which is not installed.
The Plug-in 'Wwise Convolution Reverb' was not found for '\Effects\Factory Altiverb - Outdoor and More\Altiverb - Outdoor and More\Outdoor Forest\ForestAuterlitz_DenseFar'. Edition and playback won't be available for this object.
'\Effects\Factory Altiverb - Outdoor and More\Altiverb - Outdoor and More\Outdoor Forest\ForestAuterlitz_DenseFar' uses the audio effect plugin 'Wwise Convolution Reverb', which is not installed.
The Plug-in 'Wwise Convolution Reverb' was not found for '\Effects\Factory Altiverb - Outdoor and More\Altiverb - Outdoor and More\Outdoor Forest\ForestAuterlitz_WideOpen'. Edition and playback won't be available for this object.
'\Effects\Factory Altiverb - Outdoor and More\Altiverb - Outdoor and More\Outdoor Forest\ForestAuterlitz_WideOpen' uses the audio effect plugin 'Wwise Convolution Reverb', which is not installed.
The Plug-in 'Wwise Convolution Reverb' was not found for '\Effects\Factory Altiverb - Outdoor and More\Altiverb - Outdoor and More\Outdoor Tunnel\Tunnel'. Edition and playback won't be available for this object.
'\Effects\Factory Altiverb - Outdoor and More\Altiverb - Outdoor and More\Outdoor Tunnel\Tunnel' uses the audio effect plugin 'Wwise Convolution Reverb', which is not installed.
The Plug-in 'Wwise Convolution Reverb' was not found for '\Effects\Factory Altiverb - Outdoor and More\Altiverb - Outdoor and More\Outdoor Street\CloseEcho'. Edition and playback won't be available for this object.
'\Effects\Factory Altiverb - Outdoor and More\Altiverb - Outdoor and More\Outdoor Street\CloseEcho' uses the audio effect plugin 'Wwise Convolution Reverb', which is not installed.
The Plug-in 'Wwise Convolution Reverb' was not found for '\Effects\Factory Altiverb - Outdoor and More\Altiverb - Outdoor and More\Outdoor Street\ComplexEcho'. Edition and playback won't be available for this object.
'\Effects\Factory Altiverb - Outdoor and More\Altiverb - Outdoor and More\Outdoor Street\ComplexEcho' uses the audio effect plugin 'Wwise Convolution Reverb', which is not installed.
The Plug-in 'Wwise Convolution Reverb' was not found for '\Effects\Factory Altiverb - Outdoor and More\Altiverb - Outdoor and More\Outdoor Street\ComplexDistantEcho'. Edition and playback won't be available for this object.
'\Effects\Factory Altiverb - Outdoor and More\Altiverb - Outdoor and More\Outdoor Street\ComplexDistantEcho' uses the audio effect plugin 'Wwise Convolution Reverb', which is not installed.
The Plug-in 'Wwise Convolution Reverb' was not found for '\Effects\Factory Altiverb - Outdoor and More\Altiverb - Outdoor and More\Outdoor Street\DistantEcho'. Edition and playback won't be available for this object.
'\Effects\Factory Altiverb - Outdoor and More\Altiverb - Outdoor and More\Outdoor Street\DistantEcho' uses the audio effect plugin 'Wwise Convolution Reverb', which is not installed.
The Plug-in 'Wwise Convolution Reverb' was not found for '\Effects\Factory Altiverb - Outdoor and More\Altiverb - Outdoor and More\Outdoor Street\DistantSlaps'. Edition and playback won't be available for this object.
'\Effects\Factory Altiverb - Outdoor and More\Altiverb - Outdoor and More\Outdoor Street\DistantSlaps' uses the audio effect plugin 'Wwise Convolution Reverb', which is not installed.
The Plug-in 'Wwise Convolution Reverb' was not found for '\Effects\Factory Altiverb - Outdoor and More\Altiverb - Outdoor and More\Outdoor Street\EquallySpacedEchoes'. Edition and playback won't be available for this object.
'\Effects\Factory Altiverb - Outdoor and More\Altiverb - Outdoor and More\Outdoor Street\EquallySpacedEchoes' uses the audio effect plugin 'Wwise Convolution Reverb', which is not installed.
The Plug-in 'Wwise Convolution Reverb' was not found for '\Effects\Factory Altiverb - Outdoor and More\Altiverb - Outdoor and More\Outdoor Street\LongAndComplex'. Edition and playback won't be available for this object.
'\Effects\Factory Altiverb - Outdoor and More\Altiverb - Outdoor and More\Outdoor Street\LongAndComplex' uses the audio effect plugin 'Wwise Convolution Reverb', which is not installed.
The Plug-in 'Wwise Convolution Reverb' was not found for '\Effects\Factory Altiverb - Outdoor and More\Altiverb - Outdoor and More\Outdoor Street\LoudEcho'. Edition and playback won't be available for this object.
'\Effects\Factory Altiverb - Outdoor and More\Altiverb - Outdoor and More\Outdoor Street\LoudEcho' uses the audio effect plugin 'Wwise Convolution Reverb', which is not installed.
The Plug-in 'Wwise Convolution Reverb' was not found for '\Effects\Factory Altiverb - Outdoor and More\Altiverb - Outdoor and More\Outdoor Street\LongNoEchoes'. Edition and playback won't be available for this object.
'\Effects\Factory Altiverb - Outdoor and More\Altiverb - Outdoor and More\Outdoor Street\LongNoEchoes' uses the audio effect plugin 'Wwise Convolution Reverb', which is not installed.
The Plug-in 'Wwise Convolution Reverb' was not found for '\Effects\Factory Altiverb - Outdoor and More\Altiverb - Outdoor and More\Outdoor Street\LongSixWideEchoes'. Edition and playback won't be available for this object.
'\Effects\Factory Altiverb - Outdoor and More\Altiverb - Outdoor and More\Outdoor Street\LongSixWideEchoes' uses the audio effect plugin 'Wwise Convolution Reverb', which is not installed.
The Plug-in 'Wwise Convolution Reverb' was not found for '\Effects\Factory Altiverb - Outdoor and More\Altiverb - Outdoor and More\Outdoor Street\OpenThreeEchoes'. Edition and playback won't be available for this object.
'\Effects\Factory Altiverb - Outdoor and More\Altiverb - Outdoor and More\Outdoor Street\OpenThreeEchoes' uses the audio effect plugin 'Wwise Convolution Reverb', which is not installed.
The Plug-in 'Wwise Convolution Reverb' was not found for '\Effects\Factory Altiverb - Outdoor and More\Altiverb - Outdoor and More\Outdoor Street\OpenShortTwoEchoes'. Edition and playback won't be available for this object.
'\Effects\Factory Altiverb - Outdoor and More\Altiverb - Outdoor and More\Outdoor Street\OpenShortTwoEchoes' uses the audio effect plugin 'Wwise Convolution Reverb', which is not installed.
The Plug-in 'Wwise Convolution Reverb' was not found for '\Effects\Factory Altiverb - Outdoor and More\Altiverb - Outdoor and More\Outdoor Street\PheeeewEcho_01'. Edition and playback won't be available for this object.
'\Effects\Factory Altiverb - Outdoor and More\Altiverb - Outdoor and More\Outdoor Street\PheeeewEcho_01' uses the audio effect plugin 'Wwise Convolution Reverb', which is not installed.
The Plug-in 'Wwise Convolution Reverb' was not found for '\Effects\Factory Altiverb - Outdoor and More\Altiverb - Outdoor and More\Outdoor Street\PheeeewEcho_02'. Edition and playback won't be available for this object.
'\Effects\Factory Altiverb - Outdoor and More\Altiverb - Outdoor and More\Outdoor Street\PheeeewEcho_02' uses the audio effect plugin 'Wwise Convolution Reverb', which is not installed.
The Plug-in 'Wwise Convolution Reverb' was not found for '\Effects\Factory Altiverb - Outdoor and More\Altiverb - Outdoor and More\Outdoor Street\SlapsEchoClose'. Edition and playback won't be available for this object.
'\Effects\Factory Altiverb - Outdoor and More\Altiverb - Outdoor and More\Outdoor Street\SlapsEchoClose' uses the audio effect plugin 'Wwise Convolution Reverb', which is not installed.
The Plug-in 'Wwise Convolution Reverb' was not found for '\Effects\Factory Altiverb - Outdoor and More\Altiverb - Outdoor and More\Outdoor Street\SmoothIntimate'. Edition and playback won't be available for this object.
'\Effects\Factory Altiverb - Outdoor and More\Altiverb - Outdoor and More\Outdoor Street\SmoothIntimate' uses the audio effect plugin 'Wwise Convolution Reverb', which is not installed.
The Plug-in 'Wwise Convolution Reverb' was not found for '\Effects\Factory Altiverb - Outdoor and More\Altiverb - Outdoor and More\Outdoor Street\TwoFarBuildings'. Edition and playback won't be available for this object.
'\Effects\Factory Altiverb - Outdoor and More\Altiverb - Outdoor and More\Outdoor Street\TwoFarBuildings' uses the audio effect plugin 'Wwise Convolution Reverb', which is not installed.
The Plug-in 'Wwise Convolution Reverb' was not found for '\Effects\Factory Altiverb - Outdoor and More\Altiverb - Outdoor and More\Outdoor Street\WideEcho'. Edition and playback won't be available for this object.
'\Effects\Factory Altiverb - Outdoor and More\Altiverb - Outdoor and More\Outdoor Street\WideEcho' uses the audio effect plugin 'Wwise Convolution Reverb', which is not installed.
The Plug-in 'Wwise Convolution Reverb' was not found for '\Effects\Factory Altiverb - Outdoor and More\Altiverb - Outdoor and More\Outdoor Street\WideWithCars'. Edition and playback won't be available for this object.
'\Effects\Factory Altiverb - Outdoor and More\Altiverb - Outdoor and More\Outdoor Street\WideWithCars' uses the audio effect plugin 'Wwise Convolution Reverb', which is not installed.
The Plug-in 'Wwise Convolution Reverb' was not found for '\Effects\Factory Altiverb - Outdoor and More\Altiverb - Outdoor and More\Domestic\Attic_01'. Edition and playback won't be available for this object.
'\Effects\Factory Altiverb - Outdoor and More\Altiverb - Outdoor and More\Domestic\Attic_01' uses the audio effect plugin 'Wwise Convolution Reverb', which is not installed.
The Plug-in 'Wwise Convolution Reverb' was not found for '\Effects\Factory Altiverb - Outdoor and More\Altiverb - Outdoor and More\Domestic\Attic_02'. Edition and playback won't be available for this object.
'\Effects\Factory Altiverb - Outdoor and More\Altiverb - Outdoor and More\Domestic\Attic_02' uses the audio effect plugin 'Wwise Convolution Reverb', which is not installed.
The Plug-in 'Wwise Convolution Reverb' was not found for '\Effects\Factory Altiverb - Outdoor and More\Altiverb - Outdoor and More\Domestic\Bathroom'. Edition and playback won't be available for this object.
'\Effects\Factory Altiverb - Outdoor and More\Altiverb - Outdoor and More\Domestic\Bathroom' uses the audio effect plugin 'Wwise Convolution Reverb', which is not installed.
The Plug-in 'Wwise Convolution Reverb' was not found for '\Effects\Factory Altiverb - Outdoor and More\Altiverb - Outdoor and More\Domestic\Bedroom'. Edition and playback won't be available for this object.
'\Effects\Factory Altiverb - Outdoor and More\Altiverb - Outdoor and More\Domestic\Bedroom' uses the audio effect plugin 'Wwise Convolution Reverb', which is not installed.
The Plug-in 'Wwise Convolution Reverb' was not found for '\Effects\Factory Altiverb - Outdoor and More\Altiverb - Outdoor and More\Domestic\Classroom'. Edition and playback won't be available for this object.
'\Effects\Factory Altiverb - Outdoor and More\Altiverb - Outdoor and More\Domestic\Classroom' uses the audio effect plugin 'Wwise Convolution Reverb', which is not installed.
The Plug-in 'Wwise Convolution Reverb' was not found for '\Effects\Factory Altiverb - Outdoor and More\Altiverb - Outdoor and More\Domestic\Corridor'. Edition and playback won't be available for this object.
'\Effects\Factory Altiverb - Outdoor and More\Altiverb - Outdoor and More\Domestic\Corridor' uses the audio effect plugin 'Wwise Convolution Reverb', which is not installed.
The Plug-in 'Wwise Convolution Reverb' was not found for '\Effects\Factory Altiverb - Outdoor and More\Altiverb - Outdoor and More\Domestic\Hallway'. Edition and playback won't be available for this object.
'\Effects\Factory Altiverb - Outdoor and More\Altiverb - Outdoor and More\Domestic\Hallway' uses the audio effect plugin 'Wwise Convolution Reverb', which is not installed.
The Plug-in 'Wwise Convolution Reverb' was not found for '\Effects\Factory Altiverb - Outdoor and More\Altiverb - Outdoor and More\Domestic\LivingRoom_01'. Edition and playback won't be available for this object.
'\Effects\Factory Altiverb - Outdoor and More\Altiverb - Outdoor and More\Domestic\LivingRoom_01' uses the audio effect plugin 'Wwise Convolution Reverb', which is not installed.
The Plug-in 'Wwise Convolution Reverb' was not found for '\Effects\Factory Altiverb - Outdoor and More\Altiverb - Outdoor and More\Domestic\LivingRoom_02'. Edition and playback won't be available for this object.
'\Effects\Factory Altiverb - Outdoor and More\Altiverb - Outdoor and More\Domestic\LivingRoom_02' uses the audio effect plugin 'Wwise Convolution Reverb', which is not installed.
The Plug-in 'Wwise Convolution Reverb' was not found for '\Effects\Factory Altiverb - Outdoor and More\Altiverb - Outdoor and More\Domestic\SchoolHall'. Edition and playback won't be available for this object.
'\Effects\Factory Altiverb - Outdoor and More\Altiverb - Outdoor and More\Domestic\SchoolHall' uses the audio effect plugin 'Wwise Convolution Reverb', which is not installed.
The Plug-in 'Wwise Convolution Reverb' was not found for '\Effects\Factory Altiverb - Outdoor and More\Altiverb - Outdoor and More\Domestic\Staircase'. Edition and playback won't be available for this object.
'\Effects\Factory Altiverb - Outdoor and More\Altiverb - Outdoor and More\Domestic\Staircase' uses the audio effect plugin 'Wwise Convolution Reverb', which is not installed.
The Plug-in 'Wwise Convolution Reverb' was not found for '\Effects\Factory Altiverb - Outdoor and More\Altiverb - Outdoor and More\Misc\FireDepartment'. Edition and playback won't be available for this object.
'\Effects\Factory Altiverb - Outdoor and More\Altiverb - Outdoor and More\Misc\FireDepartment' uses the audio effect plugin 'Wwise Convolution Reverb', which is not installed.
The Plug-in 'Wwise Convolution Reverb' was not found for '\Effects\Factory Altiverb - Outdoor and More\Altiverb - Outdoor and More\Transport\Beetle'. Edition and playback won't be available for this object.
'\Effects\Factory Altiverb - Outdoor and More\Altiverb - Outdoor and More\Transport\Beetle' uses the audio effect plugin 'Wwise Convolution Reverb', which is not installed.
The Plug-in 'Wwise Convolution Reverb' was not found for '\Effects\Factory Altiverb - Outdoor and More\Altiverb - Outdoor and More\Transport\Ford_TransitVanRear'. Edition and playback won't be available for this object.
'\Effects\Factory Altiverb - Outdoor and More\Altiverb - Outdoor and More\Transport\Ford_TransitVanRear' uses the audio effect plugin 'Wwise Convolution Reverb', which is not installed.
The Plug-in 'Wwise Convolution Reverb' was not found for '\Effects\Factory Altiverb - Outdoor and More\Altiverb - Outdoor and More\Transport\Helicopter_Sikorski'. Edition and playback won't be available for this object.
'\Effects\Factory Altiverb - Outdoor and More\Altiverb - Outdoor and More\Transport\Helicopter_Sikorski' uses the audio effect plugin 'Wwise Convolution Reverb', which is not installed.
The Plug-in 'Wwise Convolution Reverb' was not found for '\Effects\Factory Altiverb - Outdoor and More\Altiverb - Outdoor and More\Transport\Honda_Element'. Edition and playback won't be available for this object.
'\Effects\Factory Altiverb - Outdoor and More\Altiverb - Outdoor and More\Transport\Honda_Element' uses the audio effect plugin 'Wwise Convolution Reverb', which is not installed.
The Plug-in 'Wwise Convolution Reverb' was not found for '\Effects\Factory Altiverb - Outdoor and More\Altiverb - Outdoor and More\Transport\Honda_ElementRear'. Edition and playback won't be available for this object.
'\Effects\Factory Altiverb - Outdoor and More\Altiverb - Outdoor and More\Transport\Honda_ElementRear' uses the audio effect plugin 'Wwise Convolution Reverb', which is not installed.
The Plug-in 'Wwise Convolution Reverb' was not found for '\Effects\Factory Altiverb - Outdoor and More\Altiverb - Outdoor and More\Transport\Peugeot_PartnerFront'. Edition and playback won't be available for this object.
'\Effects\Factory Altiverb - Outdoor and More\Altiverb - Outdoor and More\Transport\Peugeot_PartnerFront' uses the audio effect plugin 'Wwise Convolution Reverb', which is not installed.
The Plug-in 'Wwise Convolution Reverb' was not found for '\Effects\Factory Altiverb - Outdoor and More\Altiverb - Outdoor and More\Transport\Peugeot_PartnerBackClosed'. Edition and playback won't be available for this object.
'\Effects\Factory Altiverb - Outdoor and More\Altiverb - Outdoor and More\Transport\Peugeot_PartnerBackClosed' uses the audio effect plugin 'Wwise Convolution Reverb', which is not installed.
The Plug-in 'Wwise Convolution Reverb' was not found for '\Effects\Factory Altiverb - Outdoor and More\Altiverb - Outdoor and More\Transport\Train_BlueAngel'. Edition and playback won't be available for this object.
'\Effects\Factory Altiverb - Outdoor and More\Altiverb - Outdoor and More\Transport\Train_BlueAngel' uses the audio effect plugin 'Wwise Convolution Reverb', which is not installed.
Some new object properties have been added or obsolete properties deleted. The project file was updated. These changes will not have an impact on your project.
Properties related to Platform(s) "'Switch, Windows'" were detected and removed from project as they were unreferenced. This could happen if you migrated a project from a previous version where some platforms were disabled. Disabled platforms are unavailable as they are being replaced by custom platforms. If you wanted to keep information relative to disabled platforms, enable them before performing migration.
